[22:42:45]: Building...
[22:42:46]: Building index.pug...
[22:42:46]: Building panel.scss...
[22:42:46]: Building jq.adslider.ts...
[22:42:46]: Building main.ts...
[22:42:49]: Building main.scss...
[22:42:49]: Building demoPage.ts...
[22:42:49]: Building presenter.ts...
[22:42:51]: Built demoPage/demoPage.ts...
[22:42:51]: Built main.ts...
[22:42:51]: Building model.ts...
[22:42:51]: Building view.ts...
[22:42:51]: Built demoPage/panel.scss...
[22:42:51]: Built main.scss...
[22:42:51]: Building eventObserver.ts...
[22:42:51]: Building handlerView.ts...
[22:42:51]: Building trackView.ts...
[22:42:51]: Building valueNoteView.ts...
[22:42:51]: Building barView.ts...
[22:42:51]: Building scaleView.ts...
[22:42:51]: Built model/model.ts...
[22:42:52]: Built eventObserver/eventObserver.ts...
[22:42:52]: Built view/trackView/trackView.ts...
[22:42:52]: Built view/handlerView/handlerView.ts...
[22:42:52]: Built view/valueNoteView/valueNoteView.ts...
[22:42:52]: Built view/barView/barView.ts...
[22:42:52]: Built view/scaleView/scaleView.ts...
[22:42:52]: Built view/view.ts...
[22:42:52]: Built presenter/presenter.ts...
[22:42:52]: Built jq.adslider.ts...
[22:42:52]: Built index.pug...
[22:42:52]: Producing bundles...
[22:42:52]: Packaging...
[22:42:52]: ✨  Built in 6.67s.
[22:42:52]: 
[22:42:52]: docs/jq.adslider.e6d99028.js.map     70.39 KB     31ms
[22:42:52]: docs/jq.adslider.e6d99028.js         39.66 KB    6.18s
[22:42:52]: docs/main.c39d6dcf.js.map            10.84 KB      6ms
[22:42:52]: docs/main.c39d6dcf.js                 6.46 KB    4.78s
[22:42:52]: docs/index.html                       5.28 KB     16ms
[22:42:52]: docs/jq.adslider.e6d99028.css.map     3.77 KB      5ms
[22:42:52]: docs/panel.83954a61.css.map           2.14 KB      6ms
[22:42:52]: docs/jq.adslider.e6d99028.css         2.11 KB    2.08s
[22:42:52]: docs/panel.83954a61.css               1.25 KB    4.80s
